installing missing dependency: libffi-3.2.1 ... done!
checking for a BSD-compatible install... /usr/bin/install -c
checking whether build environment is sane... yes
checking for a thread-safe mkdir -p... /bin/mkdir -p
checking for gawk... gawk
checking whether make sets $(MAKE)... yes
checking whether make supports nested variables... yes
checking whether build environment is sane... yes
checking whether to enable maintainer-specific portions of Makefiles... yes
checking whether make supports nested variables... (cached) yes
checking build system type... x86_64-unknown-linux-gnu
checking host system type... x86_64-unknown-linux-gnu
checking how to print strings... printf
checking for style of include used by make... GNU
checking for gcc... gcc
checking whether the C compiler works... yes
checking for C compiler default output file name... a.out
checking for suffix of executables... 
checking whether we are cross compiling... no
checking for suffix of object files... o
checking whether we are using the GNU C compiler... yes
checking whether gcc accepts -g... yes
checking for gcc option to accept ISO C89... none needed
checking whether gcc understands -c and -o together... yes
checking dependency style of gcc... gcc3
checking for a sed that does not truncate output... /bin/sed
checking for grep that handles long lines and -e... /bin/grep
checking for egrep... /bin/grep -E
checking for fgrep... /bin/grep -F
checking for ld used by gcc... /usr/bin/ld
checking if the linker (/usr/bin/ld) is GNU ld... yes
checking for BSD- or MS-compatible name lister (nm)... /usr/bin/nm -B
checking the name lister (/usr/bin/nm -B) interface... BSD nm
checking whether ln -s works... yes
checking the maximum length of command line arguments... 1572864
checking whether the shell understands some XSI constructs... yes
checking whether the shell understands "+="... yes
checking how to convert x86_64-unknown-linux-gnu file names to x86_64-unknown-linux-gnu format... func_convert_file_noop
checking how to convert x86_64-unknown-linux-gnu file names to toolchain format... func_convert_file_noop
checking for /usr/bin/ld option to reload object files... -r
checking for objdump... objdump
checking how to recognize dependent libraries... pass_all
checking for dlltool... no
checking how to associate runtime and link libraries... printf %s\n
checking for ar... ar
checking for archiver @FILE support... @
checking for strip... strip
checking for ranlib... ranlib
checking command to parse /usr/bin/nm -B output from gcc object... ok
checking for sysroot... no
checking for mt... no
checking if : is a manifest tool... no
checking how to run the C preprocessor... gcc -E
checking for ANSI C header files... yes
checking for sys/types.h... yes
checking for sys/stat.h... yes
checking for stdlib.h... yes
checking for string.h... yes
checking for memory.h... yes
checking for strings.h... yes
checking for inttypes.h... yes
checking for stdint.h... yes
checking for unistd.h... yes
checking for dlfcn.h... yes
checking for objdir... .libs
checking if gcc supports -fno-rtti -fno-exceptions... no
checking for gcc option to produce PIC... -fPIC -DPIC
checking if gcc PIC flag -fPIC -DPIC works... yes
checking if gcc static flag -static works... yes
checking if gcc supports -c -o file.o... yes
checking if gcc supports -c -o file.o... (cached) yes
checking whether the gcc linker (/usr/bin/ld -m elf_x86_64) supports shared libraries... yes
checking whether -lc should be explicitly linked in... no
checking dynamic linker characteristics... GNU/Linux ld.so
checking how to hardcode library paths into programs... immediate
checking for shl_load... no
checking for shl_load in -ldld... no
checking for dlopen... no
checking for dlopen in -ldl... yes
checking whether a program can dlopen itself... yes
checking whether a statically linked program can dlopen itself... no
checking whether stripping libraries is possible... yes
checking if libtool supports shared libraries... yes
checking whether to build shared libraries... yes
checking whether to build static libraries... no
checking whether NLS is requested... yes
checking for msgfmt... /usr/bin/msgfmt
checking for gmsgfmt... /usr/bin/msgfmt
checking for xgettext... /usr/bin/xgettext
checking for msgmerge... /usr/bin/msgmerge
checking for ld used by gcc... /usr/bin/ld -m elf_x86_64
checking if the linker (/usr/bin/ld -m elf_x86_64) is GNU ld... yes
checking for shared library run path origin... done
checking for CFPreferencesCopyAppValue... no
checking for CFLocaleCopyCurrent... no
checking for GNU gettext in libc... yes
checking whether to use NLS... yes
checking where the gettext function comes from... libc
checking for gcc... (cached) gcc
checking whether we are using the GNU C compiler... (cached) yes
checking whether gcc accepts -g... (cached) yes
checking for gcc option to accept ISO C89... (cached) none needed
checking whether gcc understands -c and -o together... (cached) yes
checking dependency style of gcc... (cached) gcc3
checking how to run the C preprocessor... gcc -E
checking for pkg-config... /usr/bin/pkg-config
checking pkg-config is at least version 0.9.0... yes
checking for CFPreferencesCopyAppValue... (cached) no
checking for CFLocaleCopyCurrent... (cached) no
checking for GNU gettext in libc... (cached) yes
checking whether to use NLS... yes
checking where the gettext function comes from... libc
checking for win32... no
checking whether byte ordering is bigendian... no
checking for stdbool.h that conforms to C99... yes
checking for _Bool... yes
checking for pthread_create... no
checking for pthread_create in -lpthread... yes
checking for nanosleep... yes
checking for library containing dlopen... -ldl
checking sys/resource.h usability... yes
checking sys/resource.h presence... yes
checking for sys/resource.h... yes
checking for struct dirent.d_type... yes
checking for getprogname... no
checking for getexecname... no
checking for basename... yes
checking for mkstemp... yes
checking for mkdtemp... yes
checking for getauxval... yes
checking for issetugid... no
checking for getresuid... yes
checking for secure_getenv... yes
checking for strnstr... no
checking for memdup... no
checking for strndup... yes
checking for strerror_r... yes
checking for asprintf... yes
checking for vasprintf... yes
checking for vsnprintf... yes
checking for fdwalk... no
checking for setenv... yes
checking whether asprintf is declared... no
checking whether vasprintf is declared... no
checking for gmtime_r... yes
checking whether program_invocation_short_name is declared... no
checking whether program_invocation_short_name is available... no
checking whether __progname is declared... no
checking for dgettext in -lintl... no
checking for LIBTASN1... yes
checking for LIBFFI... yes
checking if trust module is enabled... yes
checking for trust module paths... /etc/ssl/certs/ca-certificates.crt
checking for gtkdoc-check... no
checking for gtkdoc-rebase... no
checking for gtkdoc-mkpdf... no
checking for gtkdoc-scan... no
checking for xsltproc... no
checking whether to build documentation... no
checking for debug mode... default (-g, debug output)
checking for more warnings... checking whether gcc understands -Wmissing-include-dirs... yes
checking whether gcc understands -Wundef... yes
checking build strict... no
checking whether to build with gcov testing... no
checking that generated files are newer than configure... done
checking that generated files are newer than configure... done
configure: creating ./config.status
config.status: creating Makefile
config.status: creating doc/Makefile
config.status: creating doc/manual/Makefile
config.status: creating po/Makefile.in
config.status: creating p11-kit/p11-kit-1.pc
config.status: creating p11-kit/pkcs11.conf.example
config.status: creating trust/trust-extract-compat
config.status: creating trust/test-extract
config.status: creating config.h
config.status: executing depfiles commands
config.status: executing libtool commands
config.status: executing po-directories commands
config.status: creating po/POTFILES
config.status: creating po/Makefile
configure: build options:

    Host:                            x86_64-unknown-linux-gnu
    Debug build:                     default (-g, debug output)
    Strict build:                    no
    Build documentation:             no (no manual or reference)
    System global config:            /etc/pkcs11/pkcs11.conf
    System module config directory:  /etc/pkcs11/modules
    Package module config directory: ${pkgdatadir}/modules
    User global config:              ~/.config/pkcs11/pkcs11.conf
    User module config directory:    ~/.config/pkcs11/modules
    Load relative module paths from: ${exec_prefix}/lib/pkcs11

    With libtasn1 dependency:        yes
    With libffi:                     yes
    With hash implementation:        internal

    Build trust module:              yes
    Trust module paths:              /etc/ssl/certs/ca-certificates.crt


make  all-recursive
make[1]: Entering directory '/sources/7.9/p11-kit-0.23.2'
Making all in .
make[2]: Entering directory '/sources/7.9/p11-kit-0.23.2'
  CC       p11-kit/libp11_kit_la-util.lo
  CC       p11-kit/libp11_kit_la-conf.lo
  CC       p11-kit/libp11_kit_la-iter.lo
  CC       p11-kit/libp11_kit_la-log.lo
  CC       p11-kit/libp11_kit_la-modules.lo
  CC       p11-kit/libp11_kit_la-pin.lo
  CC       p11-kit/libp11_kit_la-proxy.lo
  CC       p11-kit/libp11_kit_la-messages.lo
  CC       p11-kit/libp11_kit_la-rpc-transport.lo
  CC       p11-kit/libp11_kit_la-rpc-message.lo
  CC       p11-kit/libp11_kit_la-rpc-client.lo
  CC       p11-kit/libp11_kit_la-rpc-server.lo
  CC       p11-kit/libp11_kit_la-uri.lo
  CC       p11-kit/libp11_kit_la-virtual.lo
  CC       common/argv.lo
  CC       common/attrs.lo
  CC       common/array.lo
  CC       common/buffer.lo
  CC       common/compat.lo
  CC       common/constants.lo
  CC       common/debug.lo
  CC       common/dict.lo
  CC       common/hash.lo
  CC       common/lexer.lo
  CC       common/message.lo
  CC       common/path.lo
  CC       common/url.lo
  CCLD     libp11-common.la
  CC       common/library.lo
  CCLD     libp11-library.la
  CCLD     libp11-kit.la
  CC       trust/p11_kit_trust_la-builder.lo
  CC       trust/p11_kit_trust_la-digest.lo
  CC       trust/p11_kit_trust_la-index.lo
  CC       trust/p11_kit_trust_la-parser.lo
  CC       trust/p11_kit_trust_la-persist.lo
  CC       trust/p11_kit_trust_la-module.lo
  CC       trust/p11_kit_trust_la-save.lo
  CC       trust/p11_kit_trust_la-session.lo
  CC       trust/p11_kit_trust_la-token.lo
  CC       trust/libtrust_data_la-asn1.lo
  CC       trust/libtrust_data_la-base64.lo
  CC       trust/libtrust_data_la-pem.lo
  CC       trust/libtrust_data_la-oid.lo
  CC       trust/libtrust_data_la-utf8.lo
  CC       trust/libtrust_data_la-x509.lo
  CCLD     libtrust-data.la
  CCLD     p11-kit-trust.la
  CC       common/mock.lo
  CC       common/test.lo
  CCLD     libp11-test.la
  CC       common/tool.lo
  CCLD     libp11-tool.la
  CC       p11-kit/libp11_kit_testable_la-util.lo
  CC       p11-kit/libp11_kit_testable_la-conf.lo
  CC       p11-kit/libp11_kit_testable_la-iter.lo
  CC       p11-kit/libp11_kit_testable_la-log.lo
  CC       p11-kit/libp11_kit_testable_la-modules.lo
  CC       p11-kit/libp11_kit_testable_la-pin.lo
  CC       p11-kit/libp11_kit_testable_la-proxy.lo
  CC       p11-kit/libp11_kit_testable_la-messages.lo
  CC       p11-kit/libp11_kit_testable_la-rpc-transport.lo
  CC       p11-kit/libp11_kit_testable_la-rpc-message.lo
  CC       p11-kit/libp11_kit_testable_la-rpc-client.lo
  CC       p11-kit/libp11_kit_testable_la-rpc-server.lo
  CC       p11-kit/libp11_kit_testable_la-uri.lo
  CC       p11-kit/libp11_kit_testable_la-virtual.lo
  CCLD     libp11-kit-testable.la
  CC       p11-kit/mock-module-ep.lo
  CCLD     mock-one.la
  CC       p11-kit/mock-module-ep2.lo
  CCLD     mock-two.la
  CCLD     mock-three.la
  CCLD     mock-four.la
  CC       trust/libtrust_testable_la-builder.lo
  CC       trust/libtrust_testable_la-digest.lo
  CC       trust/libtrust_testable_la-index.lo
  CC       trust/libtrust_testable_la-parser.lo
  CC       trust/libtrust_testable_la-persist.lo
  CC       trust/libtrust_testable_la-module.lo
  CC       trust/libtrust_testable_la-save.lo
  CC       trust/libtrust_testable_la-session.lo
  CC       trust/libtrust_testable_la-token.lo
  CCLD     libtrust-testable.la
  CC       trust/test-trust.lo
  CC       trust/digest.lo
  CCLD     libtrust-test.la
  CC       p11-kit/lists.o
  CC       p11-kit/p11-kit.o
  CCLD     p11-kit/p11-kit
  CC       trust/trust_trust-anchor.o
  CC       trust/trust_trust-parser.o
  CC       trust/trust_trust-persist.o
  CC       trust/trust_trust-digest.o
  CC       trust/trust_trust-enumerate.o
  CC       trust/trust_trust-extract.o
  CC       trust/trust_trust-extract-jks.o
  CC       trust/trust_trust-extract-openssl.o
  CC       trust/trust_trust-extract-pem.o
  CC       trust/trust_trust-extract-cer.o
  CC       trust/trust_trust-list.o
  CC       trust/trust_trust-save.o
  CC       trust/trust_trust-trust.o
  CCLD     trust/trust
  CC       common/test-tests.o
  CCLD     test-tests
  CC       common/test-compat.o
  CCLD     test-compat
  CC       common/test-hash.o
  CCLD     test-hash
  CC       common/test-dict.o
  CCLD     test-dict
  CC       common/test-array.o
  CCLD     test-array
  CC       common/test-constants.o
  CCLD     test-constants
  CC       common/test-attrs.o
  CCLD     test-attrs
  CC       common/test-buffer.o
  CCLD     test-buffer
  CC       common/test-url.o
  CCLD     test-url
  CC       common/test-path.o
  CCLD     test-path
  CC       common/test-lexer.o
  CCLD     test-lexer
  CC       common/test-message.o
  CCLD     test-message
  CC       p11-kit/test-progname.o
  CCLD     test-progname
  CC       p11-kit/test-util.o
  CCLD     test-util
  CC       p11-kit/test-conf.o
  CCLD     test-conf
  CC       p11-kit/test-uri.o
  CCLD     test-uri
  CC       p11-kit/test-pin.o
  CCLD     test-pin
  CC       p11-kit/test-init.o
  CCLD     test-init
  CC       p11-kit/test-modules.o
  CCLD     test-modules
  CC       p11-kit/test-deprecated.o
  CCLD     test-deprecated
  CC       p11-kit/test-proxy.o
  CCLD     test-proxy
  CC       p11-kit/test-iter.o
  CCLD     test-iter
  CC       p11-kit/test-rpc.o
  CCLD     test-rpc
  CC       p11-kit/test-virtual.o
  CCLD     test-virtual
  CC       p11-kit/test-managed.o
  CCLD     test-managed
  CC       p11-kit/test-log.o
  CCLD     test-log
  CC       p11-kit/test-transport.o
  CCLD     test-transport
  CC       trust/test_digest-test-digest.o
  CCLD     test-digest
  CC       trust/test_asn1-test-asn1.o
  CCLD     test-asn1
  CC       trust/test_base64-test-base64.o
  CCLD     test-base64
  CC       trust/test-pem.o
  CCLD     test-pem
  CC       trust/test_oid-test-oid.o
  CCLD     test-oid
  CC       trust/test-utf8.o
  CCLD     test-utf8
  CC       trust/test_x509-test-x509.o
  CCLD     test-x509
  CC       trust/test-persist.o
  CCLD     test-persist
  CC       trust/test_index-test-index.o
  CCLD     test-index
  CC       trust/test_parser-test-parser.o
  CCLD     test-parser
  CC       trust/test_builder-test-builder.o
  CCLD     test-builder
  CC       trust/test_token-test-token.o
  CCLD     test-token
  CC       trust/test_module-test-module.o
  CCLD     test-module
  CC       trust/test-save.o
  CCLD     test-save
  CC       trust/test_enumerate-test-enumerate.o
  CCLD     test-enumerate
  CC       trust/test_cer-test-cer.o
  CCLD     test-cer
  CC       trust/test_bundle-test-bundle.o
  CCLD     test-bundle
  CC       trust/test_openssl-test-openssl.o
  CCLD     test-openssl
  CC       common/frob-getauxval.o
  CCLD     frob-getauxval
  CC       common/frob-getenv.o
  CCLD     frob-getenv
  CC       p11-kit/print-messages.o
  CCLD     print-messages
  CC       p11-kit/frob-setuid.o
  CCLD     frob-setuid
  CC       trust/frob_pow-frob-pow.o
  CCLD     frob-pow
  CC       trust/frob_token-frob-token.o
  CCLD     frob-token
  CC       trust/frob-nss-trust.o
  CCLD     frob-nss-trust
  CC       trust/frob_cert-frob-cert.o
  CCLD     frob-cert
  CC       trust/frob_bc-frob-bc.o
  CCLD     frob-bc
  CC       trust/frob_ku-frob-ku.o
  CCLD     frob-ku
  CC       trust/frob_eku-frob-eku.o
  CCLD     frob-eku
  CC       trust/frob_ext-frob-ext.o
  CCLD     frob-ext
  CC       trust/frob_oid-frob-oid.o
  CCLD     frob-oid
  CC       p11-kit/remote.o
  CCLD     p11-kit-remote
make[2]: Leaving directory '/sources/7.9/p11-kit-0.23.2'
Making all in doc
make[2]: Entering directory '/sources/7.9/p11-kit-0.23.2/doc'
Making all in manual
make[3]: Entering directory '/sources/7.9/p11-kit-0.23.2/doc/manual'
make[3]: Nothing to be done for 'all'.
make[3]: Leaving directory '/sources/7.9/p11-kit-0.23.2/doc/manual'
make[3]: Entering directory '/sources/7.9/p11-kit-0.23.2/doc'
make[3]: Nothing to be done for 'all-am'.
make[3]: Leaving directory '/sources/7.9/p11-kit-0.23.2/doc'
make[2]: Leaving directory '/sources/7.9/p11-kit-0.23.2/doc'
Making all in po
make[2]: Entering directory '/sources/7.9/p11-kit-0.23.2/po'
make[2]: Nothing to be done for 'all'.
make[2]: Leaving directory '/sources/7.9/p11-kit-0.23.2/po'
make[1]: Leaving directory '/sources/7.9/p11-kit-0.23.2'
Making check in .
make[1]: Entering directory '/sources/7.9/p11-kit-0.23.2'
make  check-TESTS
make[2]: Entering directory '/sources/7.9/p11-kit-0.23.2'
1..1
ok 1 /test/success
PASS: test-tests
# no suitable group, skipping test
calling secure_getenv(BLAH) getenv(BLAH) = 5
# no suitable group, skipping test
1..4
ok 1 /compat/strndup
ok 2 /compat/getauxval
ok 3 /compat/secure_getenv
ok 4 /compat/mmap
PASS: test-compat
1..2
ok 1 /hash/murmur3
ok 2 /hash/murmur3-incr
PASS: test-hash
1..14
ok 1 /dict/create
ok 2 /dict/set-get
ok 3 /dict/set-get-remove
ok 4 /dict/remove-destroys
ok 5 /dict/set-clear
ok 6 /dict/set-destroys
ok 7 /dict/clear-destroys
ok 8 /dict/free-null
ok 9 /dict/free-destroys
ok 10 /dict/iterate
ok 11 /dict/iterate-remove
ok 12 /dict/add-check-lots-and-collisions
ok 13 /dict/count
ok 14 /dict/ulongptr
PASS: test-dict
1..8
ok 1 /array/create
ok 2 /array/add
ok 3 /array/add-remove
ok 4 /array/remove-destroys
ok 5 /array/remove-and-count
ok 6 /array/free-null
ok 7 /array/free-destroys
ok 8 /array/clear-destroys
PASS: test-array
1..11
ok 1 /constants/types
ok 2 /constants/classes
ok 3 /constants/trusts
ok 4 /constants/certs
ok 5 /constants/keys
ok 6 /constants/asserts
ok 7 /constants/categories
ok 8 /constants/mechanisms
ok 9 /constants/users
ok 10 /constants/states
ok 11 /constants/returns
PASS: test-constants
1..27
ok 1 /attrs/equal
ok 2 /attrs/hash
ok 3 /attrs/to-string
ok 4 /attrs/terminator
ok 5 /attrs/count
ok 6 /attrs/build-one
ok 7 /attrs/build-two
ok 8 /attrs/build-invalid
ok 9 /attrs/buildn-one
ok 10 /attrs/buildn-two
ok 11 /attrs/build-add
ok 12 /attrs/build-null
ok 13 /attrs/dup
ok 14 /attrs/take
ok 15 /attrs/merge-replace
ok 16 /attrs/merge-augment
ok 17 /attrs/merge-empty
ok 18 /attrs/free-null
ok 19 /attrs/match
ok 20 /attrs/matchn
ok 21 /attrs/find
ok 22 /attrs/findn
ok 23 /attrs/find-bool
ok 24 /attrs/find-ulong
ok 25 /attrs/find-value
ok 26 /attrs/find-valid
ok 27 /attrs/remove
PASS: test-attrs
1..6
ok 1 /buffer/init-uninit
ok 2 /buffer/init-for-data
ok 3 /buffer/append
ok 4 /buffer/null
ok 5 /buffer/add
ok 6 /buffer/steal
PASS: test-buffer
1..5
ok 1 /url/decode-success
ok 2 /url/decode-skip
ok 3 /url/decode-failure
ok 4 /url/encode
ok 5 /url/encode-verbatim
PASS: test-url
1..7
ok 1 /path/base
ok 2 /path/build
ok 3 /path/expand
ok 4 /path/absolute
ok 5 /path/parent
ok 6 /path/prefix
ok 7 /path/canon
PASS: test-path
1..6
ok 1 /lexer/basic
ok 2 /lexer/corners
ok 3 /lexer/following
ok 4 /lexer/bad-pem
ok 5 /lexer/bad-section
ok 6 /lexer/bad-value
PASS: test-lexer
p11-kit: Details: value: No such file or directory
1..1
ok 1 /message/with-err
PASS: test-message
1..2
ok 1 /progname/test_progname_default
ok 2 /progname/test_progname_set
PASS: test-progname
1..1
ok 1 /util/space-strlen
PASS: test-util
p11-kit: couldn't open config file: /sources/7.9/p11-kit-0.23.2/p11-kit/fixtures/non-existant.conf: No such file or directory
p11-kit: invalid mode for 'user-config': bad
p11-kit: invalid mode for 'user-config': bad
p11-kit: invalid config filename, will be ignored in the future: /sources/7.9/p11-kit-0.23.2/p11-kit/fixtures/system-modules/two.badname
p11-kit: invalid config filename, will be ignored in the future: /sources/7.9/p11-kit-0.23.2/p11-kit/fixtures/system-modules/two.badname
p11-kit: invalid config filename, will be ignored in the future: /sources/7.9/p11-kit-0.23.2/p11-kit/fixtures/system-modules/two.badname
p11-kit: invalid config filename, will be ignored in the future: /sources/7.9/p11-kit-0.23.2/p11-kit/fixtures/system-modules/two.badname
# no suitable group, skipping test
1..16
ok 1 /conf/test_parse_conf_1
ok 2 /conf/test_parse_ignore_missing
ok 3 /conf/test_parse_fail_missing
ok 4 /conf/test_merge_defaults
ok 5 /conf/test_load_globals_merge
ok 6 /conf/test_load_globals_no_user
ok 7 /conf/test_load_globals_system_sets_only
ok 8 /conf/test_load_globals_user_sets_only
ok 9 /conf/test_load_globals_system_sets_invalid
ok 10 /conf/test_load_globals_user_sets_invalid
ok 11 /conf/test_load_modules_merge
ok 12 /conf/test_load_modules_no_user
ok 13 /conf/test_load_modules_user_only
ok 14 /conf/test_load_modules_user_none
ok 15 /conf/test_parse_boolean
ok 16 /conf/setuid
PASS: test-conf
1..45
ok 1 /uri/test_uri_parse
ok 2 /uri/test_uri_parse_bad_scheme
ok 3 /uri/test_uri_parse_with_label
ok 4 /uri/test_uri_parse_with_empty_label
ok 5 /uri/test_uri_parse_with_empty_id
ok 6 /uri/test_uri_parse_with_label_and_klass
ok 7 /uri/parse-with-label-and-new-class
ok 8 /uri/test_uri_parse_with_id
ok 9 /uri/test_uri_parse_with_bad_string_encoding
ok 10 /uri/test_uri_parse_with_bad_hex_encoding
ok 11 /uri/test_uri_parse_with_token
ok 12 /uri/test_uri_parse_with_token_bad_encoding
ok 13 /uri/test_uri_parse_with_bad_syntax
ok 14 /uri/test_uri_parse_with_spaces
ok 15 /uri/test_uri_parse_with_library
ok 16 /uri/test_uri_parse_with_library_bad_encoding
ok 17 /uri/test_uri_build_empty
ok 18 /uri/test_uri_build_with_token_info
ok 19 /uri/test_uri_build_with_token_null_info
ok 20 /uri/test_uri_build_with_token_empty_info
ok 21 /uri/test_uri_build_with_attributes
ok 22 /uri/test_uri_parse_private_key
ok 23 /uri/test_uri_parse_secret_key
ok 24 /uri/test_uri_parse_library_version
ok 25 /uri/test_uri_parse_parse_unknown_object_type
ok 26 /uri/test_uri_parse_unrecognized
ok 27 /uri/test_uri_parse_too_long_is_unrecognized
ok 28 /uri/test_uri_build_object_type_cert
ok 29 /uri/test_uri_build_object_type_private
ok 30 /uri/test_uri_build_object_type_public
ok 31 /uri/test_uri_build_object_type_secret
ok 32 /uri/test_uri_build_with_library
ok 33 /uri/test_uri_build_library_version
ok 34 /uri/test_uri_get_set_unrecognized
ok 35 /uri/test_uri_match_token
ok 36 /uri/test_uri_match_module
ok 37 /uri/test_uri_match_version
ok 38 /uri/test_uri_match_attributes
ok 39 /uri/test_uri_get_set_attribute
ok 40 /uri/test_uri_get_set_attributes
ok 41 /uri/test_uri_pin_source
ok 42 /uri/pin-value
ok 43 /uri/pin-value-bad
ok 44 /uri/test_uri_free_null
ok 45 /uri/test_uri_message
PASS: test-uri
1..8
ok 1 /pin/test_pin_register_unregister
ok 2 /pin/test_pin_read
ok 3 /pin/test_pin_read_no_match
ok 4 /pin/test_pin_register_duplicate
ok 5 /pin/test_pin_register_fallback
ok 6 /pin/test_pin_file
ok 7 /pin/test_pin_file_large
ok 8 /pin/test_pin_ref_unref
PASS: test-pin
1..7
ok 1 /init/test_recursive_initialization
ok 2 /init/test_threaded_initialization
ok 3 /init/test_mutexes
ok 4 /init/test_load_and_initialize
ok 5 /init/test_fork_initialization
ok 6 /init/test_initalize_fail
ok 7 /init/test_finalize_fail
PASS: test-init
1..11
ok 1 /modules/test_filename
ok 2 /modules/test_no_duplicates
ok 3 /modules/test_disable
ok 4 /modules/test_disable_later
ok 5 /modules/test_enable
ok 6 /modules/test_priority
ok 7 /modules/test_module_name
ok 8 /modules/test_module_flags
ok 9 /modules/test_config_option
ok 10 /modules/trusted-only
ok 11 /modules/trust-flags
PASS: test-modules
1..9
ok 1 /deprecated/test_no_duplicates
ok 2 /deprecated/test_disable
ok 3 /deprecated/test_disable_later
ok 4 /deprecated/test_enable
ok 5 /deprecated/test_fork_initialization
ok 6 /deprecated/test_recursive_initialization
ok 7 /deprecated/test_threaded_initialization
ok 8 /deprecated/test_mutexes
ok 9 /deprecated/test_load_and_initialize
PASS: test-deprecated
1..45
ok 1 /proxy/initialize-finalize
ok 2 /proxy/initialize-multiple
1..45
ok 1 /proxy/initialize-finalize
ok 2 /proxy/initialize-multiple
ok 3 /proxy/deinit-after-fork
1..45
ok 1 /proxy/initialize-finalize
ok 2 /proxy/initialize-multiple
ok 3 /proxy/deinit-after-fork
ok 4 /proxy/initialize-child
ok 5 /proxy/test_get_info
ok 6 /proxy/test_get_slot_list
ok 7 /proxy/test_get_slot_info
ok 8 /proxy/test_get_token_info
ok 9 /proxy/test_get_mechanism_list
ok 10 /proxy/test_get_mechanism_info
ok 11 /proxy/test_init_token
ok 12 /proxy/test_wait_for_slot_event
ok 13 /proxy/test_open_close_session
ok 14 /proxy/test_close_all_sessions
ok 15 /proxy/test_get_function_status
ok 16 /proxy/test_cancel_function
ok 17 /proxy/test_get_session_info
ok 18 /proxy/test_init_pin
ok 19 /proxy/test_set_pin
ok 20 /proxy/test_operation_state
ok 21 /proxy/test_login_logout
ok 22 /proxy/test_get_attribute_value
ok 23 /proxy/test_set_attribute_value
ok 24 /proxy/test_create_object
ok 25 /proxy/test_copy_object
ok 26 /proxy/test_destroy_object
ok 27 /proxy/test_get_object_size
ok 28 /proxy/test_find_objects
ok 29 /proxy/test_encrypt
ok 30 /proxy/test_decrypt
ok 31 /proxy/test_digest
ok 32 /proxy/test_sign
ok 33 /proxy/test_sign_recover
ok 34 /proxy/test_verify
ok 35 /proxy/test_verify_recover
ok 36 /proxy/test_digest_encrypt
ok 37 /proxy/test_decrypt_digest
ok 38 /proxy/test_sign_encrypt
ok 39 /proxy/test_decrypt_verify
ok 40 /proxy/test_generate_key
ok 41 /proxy/test_generate_key_pair
ok 42 /proxy/test_wrap_key
ok 43 /proxy/test_unwrap_key
ok 44 /proxy/test_derive_key
ok 45 /proxy/test_random
PASS: test-proxy
1..31
ok 1 /iter/test_all
ok 2 /iter/test_unrecognized
ok 3 /iter/test_uri_with_type
ok 4 /iter/set-uri
ok 5 /iter/test_session_flags
ok 6 /iter/test_callback
ok 7 /iter/test_callback_fails
ok 8 /iter/test_callback_destroyer
ok 9 /iter/test_filter
ok 10 /iter/test_with_session
ok 11 /iter/test_with_slot
ok 12 /iter/test_with_module
ok 13 /iter/test_keep_session
ok 14 /iter/test_token_match
ok 15 /iter/test_token_mismatch
ok 16 /iter/token-info
ok 17 /iter/test_module_match
ok 18 /iter/test_module_mismatch
ok 19 /iter/test_getslotlist_fail_first
ok 20 /iter/test_getslotlist_fail_late
ok 21 /iter/test_open_session_fail
ok 22 /iter/test_find_init_fail
ok 23 /iter/test_find_objects_fail
ok 24 /iter/get-attributes
ok 25 /iter/test_load_attributes
ok 26 /iter/test_load_attributes_none
ok 27 /iter/test_load_attributes_fail_first
ok 28 /iter/test_load_attributes_fail_late
ok 29 /iter/test-many
ok 30 /iter/test-many-busy
ok 31 /iter/destroy-object
PASS: test-iter
1..66
ok 1 /rpc/new-free
ok 2 /rpc/uint16
ok 3 /rpc/uint16-static
ok 4 /rpc/uint32
ok 5 /rpc/uint32-static
ok 6 /rpc/uint64
ok 7 /rpc/uint64-static
ok 8 /rpc/byte-array
ok 9 /rpc/byte-array-null
ok 10 /rpc/byte-array-too-long
ok 11 /rpc/byte-array-static
ok 12 /rpc/initialize-fails-on-client
ok 13 /rpc/initialize-fails-on-server
ok 14 /rpc/initialize
ok 15 /rpc/not-initialized
ok 16 /rpc/transport-fails
ok 17 /rpc/transport-bad-parse
ok 18 /rpc/transport-short-error
ok 19 /rpc/transport-invalid-error
ok 20 /rpc/transport-wrong-response
ok 21 /rpc/transport-bad-contents
ok 22 /rpc/get-info-stand-in
ok 23 /rpc/get-slot-list-no-device
ok 24 /rpc/simultaneous-functions
ok 25 /rpc/fork-and-reinitialize
ok 26 /rpc/test_get_info
ok 27 /rpc/test_get_slot_list
ok 28 /rpc/test_get_slot_info
ok 29 /rpc/test_get_token_info
ok 30 /rpc/test_get_mechanism_list
ok 31 /rpc/test_get_mechanism_info
ok 32 /rpc/test_init_token
ok 33 /rpc/test_wait_for_slot_event
ok 34 /rpc/test_open_close_session
ok 35 /rpc/test_close_all_sessions
ok 36 /rpc/test_get_function_status
ok 37 /rpc/test_cancel_function
ok 38 /rpc/test_get_session_info
ok 39 /rpc/test_init_pin
ok 40 /rpc/test_set_pin
ok 41 /rpc/test_operation_state
ok 42 /rpc/test_login_logout
ok 43 /rpc/test_get_attribute_value
ok 44 /rpc/test_set_attribute_value
ok 45 /rpc/test_create_object
ok 46 /rpc/test_copy_object
ok 47 /rpc/test_destroy_object
ok 48 /rpc/test_get_object_size
ok 49 /rpc/test_find_objects
ok 50 /rpc/test_encrypt
ok 51 /rpc/test_decrypt
ok 52 /rpc/test_digest
ok 53 /rpc/test_sign
ok 54 /rpc/test_sign_recover
ok 55 /rpc/test_verify
ok 56 /rpc/test_verify_recover
ok 57 /rpc/test_digest_encrypt
ok 58 /rpc/test_decrypt_digest
ok 59 /rpc/test_sign_encrypt
ok 60 /rpc/test_decrypt_verify
ok 61 /rpc/test_generate_key
ok 62 /rpc/test_generate_key_pair
ok 63 /rpc/test_wrap_key
ok 64 /rpc/test_unwrap_key
ok 65 /rpc/test_derive_key
ok 66 /rpc/test_random
PASS: test-rpc
1..3
ok 1 /virtual/test_initialize
ok 2 /virtual/test_fall_through
ok 3 /virtual/test_get_function_list
PASS: test-virtual
1..45
ok 1 /managed/test_initialize_finalize
ok 2 /managed/test_initialize_fail
ok 3 /managed/test_separate_close_all_sessions
ok 4 /managed/fork-and-reinitialize
ok 5 /managed/test_get_info
ok 6 /managed/test_get_slot_list
ok 7 /managed/test_get_slot_info
ok 8 /managed/test_get_token_info
ok 9 /managed/test_get_mechanism_list
ok 10 /managed/test_get_mechanism_info
ok 11 /managed/test_init_token
ok 12 /managed/test_wait_for_slot_event
ok 13 /managed/test_open_close_session
ok 14 /managed/test_close_all_sessions
ok 15 /managed/test_get_function_status
ok 16 /managed/test_cancel_function
ok 17 /managed/test_get_session_info
ok 18 /managed/test_init_pin
ok 19 /managed/test_set_pin
ok 20 /managed/test_operation_state
ok 21 /managed/test_login_logout
ok 22 /managed/test_get_attribute_value
ok 23 /managed/test_set_attribute_value
ok 24 /managed/test_create_object
ok 25 /managed/test_copy_object
ok 26 /managed/test_destroy_object
ok 27 /managed/test_get_object_size
ok 28 /managed/test_find_objects
ok 29 /managed/test_encrypt
ok 30 /managed/test_decrypt
ok 31 /managed/test_digest
ok 32 /managed/test_sign
ok 33 /managed/test_sign_recover
ok 34 /managed/test_verify
ok 35 /managed/test_verify_recover
ok 36 /managed/test_digest_encrypt
ok 37 /managed/test_decrypt_digest
ok 38 /managed/test_sign_encrypt
ok 39 /managed/test_decrypt_verify
ok 40 /managed/test_generate_key
ok 41 /managed/test_generate_key_pair
ok 42 /managed/test_wrap_key
ok 43 /managed/test_unwrap_key
ok 44 /managed/test_derive_key
ok 45 /managed/test_random
PASS: test-managed
1..41
ok 1 /log/test_get_info
ok 2 /log/test_get_slot_list
ok 3 /log/test_get_slot_info
ok 4 /log/test_get_token_info
ok 5 /log/test_get_mechanism_list
ok 6 /log/test_get_mechanism_info
ok 7 /log/test_init_token
ok 8 /log/test_wait_for_slot_event
ok 9 /log/test_open_close_session
ok 10 /log/test_close_all_sessions
ok 11 /log/test_get_function_status
ok 12 /log/test_cancel_function
ok 13 /log/test_get_session_info
ok 14 /log/test_init_pin
ok 15 /log/test_set_pin
ok 16 /log/test_operation_state
ok 17 /log/test_login_logout
ok 18 /log/test_get_attribute_value
ok 19 /log/test_set_attribute_value
ok 20 /log/test_create_object
ok 21 /log/test_copy_object
ok 22 /log/test_destroy_object
ok 23 /log/test_get_object_size
ok 24 /log/test_find_objects
ok 25 /log/test_encrypt
ok 26 /log/test_decrypt
ok 27 /log/test_digest
ok 28 /log/test_sign
ok 29 /log/test_sign_recover
ok 30 /log/test_verify
ok 31 /log/test_verify_recover
ok 32 /log/test_digest_encrypt
ok 33 /log/test_decrypt_digest
ok 34 /log/test_sign_encrypt
ok 35 /log/test_decrypt_verify
ok 36 /log/test_generate_key
ok 37 /log/test_generate_key_pair
ok 38 /log/test_wrap_key
ok 39 /log/test_unwrap_key
ok 40 /log/test_derive_key
ok 41 /log/test_random
PASS: test-log
1..44
ok 1 /transport/basic
ok 2 /transport/simultaneous-functions
ok 3 /transport/fork-and-reinitialize
ok 4 /transport/test_get_info
ok 5 /transport/test_get_slot_list
ok 6 /transport/test_get_slot_info
ok 7 /transport/test_get_token_info
ok 8 /transport/test_get_mechanism_list
ok 9 /transport/test_get_mechanism_info
ok 10 /transport/test_init_token
ok 11 /transport/test_wait_for_slot_event
ok 12 /transport/test_open_close_session
ok 13 /transport/test_close_all_sessions
ok 14 /transport/test_get_function_status
ok 15 /transport/test_cancel_function
ok 16 /transport/test_get_session_info
ok 17 /transport/test_init_pin
ok 18 /transport/test_set_pin
ok 19 /transport/test_operation_state
ok 20 /transport/test_login_logout
ok 21 /transport/test_get_attribute_value
ok 22 /transport/test_set_attribute_value
ok 23 /transport/test_create_object
ok 24 /transport/test_copy_object
ok 25 /transport/test_destroy_object
ok 26 /transport/test_get_object_size
ok 27 /transport/test_find_objects
ok 28 /transport/test_encrypt
ok 29 /transport/test_decrypt
ok 30 /transport/test_digest
ok 31 /transport/test_sign
ok 32 /transport/test_sign_recover
ok 33 /transport/test_verify
ok 34 /transport/test_verify_recover
ok 35 /transport/test_digest_encrypt
ok 36 /transport/test_decrypt_digest
ok 37 /transport/test_sign_encrypt
ok 38 /transport/test_decrypt_verify
ok 39 /transport/test_generate_key
ok 40 /transport/test_generate_key_pair
ok 41 /transport/test_wrap_key
ok 42 /transport/test_unwrap_key
ok 43 /transport/test_derive_key
ok 44 /transport/test_random
PASS: test-transport
1..3
ok 1 /digest/sha1
ok 2 /digest/sha1-long
ok 3 /digest/md5
PASS: test-digest
1..3
ok 1 /asn1/tlv_length
ok 2 /asn1/asn1_cache
ok 3 /asn1/free
PASS: test-asn1
1..2
ok 1 /base64/decode-simple
ok 2 /base64/decode-thawte
PASS: test-base64
1..3
ok 1 /pem/success
ok 2 /pem/failure
ok 3 /pem/write
PASS: test-pem
1..2
ok 1 /oids/known
ok 2 /oids/hash
PASS: test-oid
1..6
ok 1 /utf8/ucs2be
ok 2 /utf8/ucs2be_fail
ok 3 /utf8/ucs4be
ok 4 /utf8/ucs4be_fail
ok 5 /utf8/utf8
ok 6 /utf8/utf8_fail
PASS: test-utf8
1..6
ok 1 /x509/parse-extended-key-usage
ok 2 /x509/parse-key-usage
ok 3 /x509/parse-extension
ok 4 /x509/parse-extension-not-found
ok 5 /x509/directory-string
ok 6 /x509/directory-string-unknown
PASS: test-x509
1..21
ok 1 /persist/magic
ok 2 /persist/simple
ok 3 /persist/number
ok 4 /persist/bool
ok 5 /persist/oid
ok 6 /persist/constant
ok 7 /persist/unknown
ok 8 /persist/multiple
ok 9 /persist/pem_block
ok 10 /persist/pem-middle
ok 11 /persist/pem-public-key
ok 12 /persist/pem_invalid
ok 13 /persist/pem_unsupported
ok 14 /persist/pem_first
ok 15 /persist/bad_value
ok 16 /persist/bad_oid
ok 17 /persist/bad_field
ok 18 /persist/skip_unknown
ok 19 /persist/attribute_first
ok 20 /persist/not-boolean
ok 21 /persist/not-ulong
PASS: test-persist
1..20
ok 1 /index/add_lookup
ok 2 /index/take_lookup
ok 3 /index/size
ok 4 /index/remove
ok 5 /index/snapshot
ok 6 /index/snapshot_base
ok 7 /index/set
ok 8 /index/update
ok 9 /index/find
ok 10 /index/find_all
ok 11 /index/find_realloc
ok 12 /index/replace_all
ok 13 /index/build_populate
ok 14 /index/build_fail
ok 15 /index/change_called
ok 16 /index/change_batch
ok 17 /index/change_nested
ok 18 /index/replace-all-build-fails
ok 19 /index/remove-callback
ok 20 /index/remove-fail
PASS: test-index
p11-kit: certificate with distrust in location for anchors: distrusted.pem
1..11
ok 1 /parser/parse_der_certificate
ok 2 /parser/parse_pem_certificate
ok 3 /parser/parse_p11_kit_persist
ok 4 /parser/parse_openssl_trusted
ok 5 /parser/parse_openssl_distrusted
ok 6 /parser/openssl-trusted-no-trust
ok 7 /parser/parse_anchor
ok 8 /parser/parse_thawte
ok 9 /parser/parse_invalid_file
ok 10 /parser/parse_unrecognized
ok 11 /parser/null-asn1-cache
PASS: test-parser
1..46
ok 1 /builder/get_cache
ok 2 /builder/build_data
ok 3 /builder/build_certificate
ok 4 /builder/build_certificate_empty
ok 5 /builder/build_certificate_non_ca
ok 6 /builder/build_certificate_v1_ca
ok 7 /builder/build_certificate_staple_ca
ok 8 /builder/build-certificate-staple-ca-backwards
ok 9 /builder/build_certificate_no_type
ok 10 /builder/build_certificate_bad_type
ok 11 /builder/build_extension
ok 12 /builder/build_distant_end_date
ok 13 /builder/valid-bool
ok 14 /builder/valid-ulong
ok 15 /builder/valid-utf8
ok 16 /builder/valid-date
ok 17 /builder/valid-name
ok 18 /builder/valid-serial
ok 19 /builder/valid-cert
ok 20 /builder/invalid-bool
ok 21 /builder/invalid-ulong
ok 22 /builder/invalid-utf8
ok 23 /builder/invalid-date
ok 24 /builder/invalid-name
ok 25 /builder/invalid-serial
ok 26 /builder/invalid-cert
ok 27 /builder/invalid-schema
ok 28 /builder/create_not_settable
ok 29 /builder/create_but_loadable
ok 30 /builder/create_unsupported
ok 31 /builder/create_generated
ok 32 /builder/create_bad_attribute
ok 33 /builder/create_missing_attribute
ok 34 /builder/create_no_class
ok 35 /builder/create_token_mismatch
ok 36 /builder/modify_success
ok 37 /builder/modify_read_only
ok 38 /builder/modify_unchanged
ok 39 /builder/modify_not_modifiable
ok 40 /builder/changed_trusted_certificate
ok 41 /builder/changed_distrust_value
ok 42 /builder/changed_distrust_serial
ok 43 /builder/changed_without_id
ok 44 /builder/changed_staple_ca
ok 45 /builder/changed_staple_ku
ok 46 /builder/changed_dup_certificates
PASS: test-builder
1..20
ok 1 /token/load
ok 2 /token/flags
ok 3 /token/path
ok 4 /token/label
ok 5 /token/slot
not ok 6 /token/not-writable
# assertion failed (!p11_token_is_writable (token))
# in test_not_writable() at test-token.c:256
ok 7 /token/writable-no-exist
ok 8 /token/writable-exists
ok 9 /token/load-found
ok 10 /token/load-already
ok 11 /token/load-unreadable
ok 12 /token/load-gone
ok 13 /token/reload-changed
ok 14 /token/reload-gone
ok 15 /token/reload-no-origin
ok 16 /token/write-new
ok 17 /token/write-no-label
ok 18 /token/modify-multiple
ok 19 /token/remove-one
ok 20 /token/remove-multiple
FAIL: test-token
1..25
ok 1 /module/get_slot_list
ok 2 /module/get_slot_info
ok 3 /module/initialize-null
ok 4 /module/initialize-multi
ok 5 /module/get_token_info
ok 6 /module/get_session_info
ok 7 /module/close_all_sessions
ok 8 /module/find_certificates
ok 9 /module/find_builtin
ok 10 /module/lookup_invalid
ok 11 /module/remove_token
ok 12 /module/setattr_token
ok 13 /module/session_object
ok 14 /module/session_find
ok 15 /module/session_find_no_attr
ok 16 /module/session_copy
ok 17 /module/session_remove
ok 18 /module/session_setattr
ok 19 /module/find_serial_der_decoded
ok 20 /module/find_serial_der_mismatch
ok 21 /module/login_logout
ok 22 /module/token-writable
ok 23 /module/session-read-only-create
ok 24 /module/create-and-write
ok 25 /module/modify-and-write
PASS: test-module
1..15
ok 1 /save/test_file_write
ok 2 /save/test_file_exists
ok 3 /save/test_file_bad_directory
ok 4 /save/test_file_overwrite
ok 5 /save/file-unique
ok 6 /save/test_file_auto_empty
ok 7 /save/test_file_auto_length
ok 8 /save/test_write_with_null
ok 9 /save/test_write_and_finish_with_null
ok 10 /save/test_file_abort
ok 11 /save/test_directory_empty
ok 12 /save/test_directory_files
ok 13 /save/test_directory_dups
ok 14 /save/test_directory_exists
ok 15 /save/test_directory_overwrite
PASS: test-save
1..16
ok 1 /extract/test_file_name_for_label
ok 2 /extract/test_file_name_for_class
ok 3 /extract/test_comment_for_label
ok 4 /extract/test_comment_not_enabled
ok 5 /extract/test_info_simple_certificate
ok 6 /extract/test_info_limit_purposes
ok 7 /extract/test_info_invalid_purposes
ok 8 /extract/test_info_skip_non_certificate
ok 9 /extract/test_limit_to_purpose_match
ok 10 /extract/test_limit_to_purpose_no_match
ok 11 /extract/test_duplicate_extract
ok 12 /extract/test-duplicate-distrusted
ok 13 /extract/test_trusted_match
ok 14 /extract/test_distrust_match
ok 15 /extract/override-by-issuer-and-serial
ok 16 /extract/override-by-public-key
PASS: test-enumerate
1..5
ok 1 /x509/test_file
ok 2 /x509/test_file_multiple
ok 3 /x509/test_file_without
ok 4 /x509/test_directory
ok 5 /x509/test_directory_empty
PASS: test-cer
1..6
ok 1 /pem/test_file
ok 2 /pem/test_file_multiple
ok 3 /pem/test_file_without
ok 4 /pem/test_directory
ok 5 /pem/test_directory_empty
ok 6 /pem/test_directory_hash
PASS: test-bundle
1..13
ok 1 /openssl/test_file
ok 2 /openssl/test_plain
ok 3 /openssl/test_keyid
ok 4 /openssl/test_not_authority
ok 5 /openssl/test_distrust_all
ok 6 /openssl/test_file_multiple
ok 7 /openssl/test_file_without
ok 8 /openssl/test_canon_string
ok 9 /openssl/test_canon_string_der
ok 10 /openssl/test_canon_string_der_fail
ok 11 /openssl/test_canon_name_der
ok 12 /openssl/test_directory
ok 13 /openssl/test_directory_empty
PASS: test-openssl
============================================================================
1 of 45 tests failed
Please report to https://bugs.freedesktop.org/enter_bug.cgi?product=p11-glue
============================================================================
make[2]: *** [check-TESTS] Error 1
Makefile:3779: recipe for target 'check-TESTS' failed
make[2]: Leaving directory '/sources/7.9/p11-kit-0.23.2'
make[1]: *** [check-am] Error 2
Makefile:4063: recipe for target 'check-am' failed
make[1]: Leaving directory '/sources/7.9/p11-kit-0.23.2'
make: *** [check-recursive] Error 1
Makefile:3679: recipe for target 'check-recursive' failed
Making install in .
make[1]: Entering directory '/sources/7.9/p11-kit-0.23.2'
make[2]: Entering directory '/sources/7.9/p11-kit-0.23.2'
 /bin/mkdir -p '/usr/lib'
 /bin/sh ./libtool   --mode=install /usr/bin/install -c   libp11-kit.la '/usr/lib'
libtool: install: /usr/bin/install -c .libs/libp11-kit.so.0.1.0 /usr/lib/libp11-kit.so.0.1.0
libtool: install: (cd /usr/lib && { ln -s -f libp11-kit.so.0.1.0 libp11-kit.so.0 || { rm -f libp11-kit.so.0 && ln -s libp11-kit.so.0.1.0 libp11-kit.so.0; }; })
libtool: install: (cd /usr/lib && { ln -s -f libp11-kit.so.0.1.0 libp11-kit.so || { rm -f libp11-kit.so && ln -s libp11-kit.so.0.1.0 libp11-kit.so; }; })
libtool: install: /usr/bin/install -c .libs/libp11-kit.lai /usr/lib/libp11-kit.la
libtool: finish: PATH="/usr/local/sbin:/bin:/usr/bin:/sbin:/usr/sbin:/sbin" ldconfig -n /usr/lib
----------------------------------------------------------------------
Libraries have been installed in:
   /usr/lib

If you ever happen to want to link against installed libraries
in a given directory, LIBDIR, you must either use libtool, and
specify the full pathname of the library, or use the `-LLIBDIR'
flag during linking and do at least one of the following:
   - add LIBDIR to the `LD_LIBRARY_PATH' environment variable
     during execution
   - add LIBDIR to the `LD_RUN_PATH' environment variable
     during linking
   - use the `-Wl,-rpath -Wl,LIBDIR' linker flag
   - have your system administrator add LIBDIR to `/etc/ld.so.conf'

See any operating system documentation about shared libraries for
more information, such as the ld(1) and ld.so(8) manual pages.
----------------------------------------------------------------------
 /bin/mkdir -p '/usr/bin'
  /bin/sh ./libtool   --mode=install /usr/bin/install -c p11-kit/p11-kit trust/trust '/usr/bin'
libtool: install: /usr/bin/install -c p11-kit/.libs/p11-kit /usr/bin/p11-kit
libtool: install: /usr/bin/install -c trust/.libs/trust /usr/bin/trust
make  install-exec-hook
make[3]: Entering directory '/sources/7.9/p11-kit-0.23.2'
ln -s -f `readlink /usr/lib/libp11-kit.so` /usr/lib/p11-kit-proxy.so
/bin/mkdir -p /usr/share/p11-kit/modules
make[3]: Leaving directory '/sources/7.9/p11-kit-0.23.2'
 /bin/mkdir -p '/usr/share/p11-kit/modules'
 /usr/bin/install -c -m 644 trust/p11-kit-trust.module '/usr/share/p11-kit/modules'
 /bin/mkdir -p '/etc/pkcs11'
 /usr/bin/install -c -m 644 p11-kit/pkcs11.conf.example '/etc/pkcs11'
 /bin/mkdir -p '/usr/lib/p11-kit'
 /usr/bin/install -c trust/trust-extract-compat '/usr/lib/p11-kit'
 /bin/mkdir -p '/usr/include/p11-kit-1/p11-kit'
 /usr/bin/install -c -m 644 common/pkcs11.h common/pkcs11x.h p11-kit/deprecated.h p11-kit/iter.h p11-kit/p11-kit.h p11-kit/pin.h p11-kit/remote.h p11-kit/uri.h '/usr/include/p11-kit-1/p11-kit'
 /bin/mkdir -p '/usr/lib/pkcs11'
 /bin/sh ./libtool   --mode=install /usr/bin/install -c   p11-kit-trust.la '/usr/lib/pkcs11'
libtool: install: /usr/bin/install -c .libs/p11-kit-trust.so /usr/lib/pkcs11/p11-kit-trust.so
libtool: install: /usr/bin/install -c .libs/p11-kit-trust.lai /usr/lib/pkcs11/p11-kit-trust.la
libtool: finish: PATH="/usr/local/sbin:/bin:/usr/bin:/sbin:/usr/sbin:/sbin" ldconfig -n /usr/lib/pkcs11
----------------------------------------------------------------------
Libraries have been installed in:
   /usr/lib/pkcs11

If you ever happen to want to link against installed libraries
in a given directory, LIBDIR, you must either use libtool, and
specify the full pathname of the library, or use the `-LLIBDIR'
flag during linking and do at least one of the following:
   - add LIBDIR to the `LD_LIBRARY_PATH' environment variable
     during execution
   - add LIBDIR to the `LD_RUN_PATH' environment variable
     during linking
   - use the `-Wl,-rpath -Wl,LIBDIR' linker flag
   - have your system administrator add LIBDIR to `/etc/ld.so.conf'

See any operating system documentation about shared libraries for
more information, such as the ld(1) and ld.so(8) manual pages.
----------------------------------------------------------------------
 /bin/mkdir -p '/usr/lib/pkgconfig'
 /usr/bin/install -c -m 644 p11-kit/p11-kit-1.pc '/usr/lib/pkgconfig'
 /bin/mkdir -p '/usr/lib/p11-kit'
  /bin/sh ./libtool   --mode=install /usr/bin/install -c p11-kit-remote '/usr/lib/p11-kit'
libtool: install: /usr/bin/install -c .libs/p11-kit-remote /usr/lib/p11-kit/p11-kit-remote
make[2]: Leaving directory '/sources/7.9/p11-kit-0.23.2'
make[1]: Leaving directory '/sources/7.9/p11-kit-0.23.2'
Making install in doc
make[1]: Entering directory '/sources/7.9/p11-kit-0.23.2/doc'
Making install in manual
make[2]: Entering directory '/sources/7.9/p11-kit-0.23.2/doc/manual'
make[3]: Entering directory '/sources/7.9/p11-kit-0.23.2/doc/manual'
make[3]: Nothing to be done for 'install-exec-am'.
 /usr/bin/install -c -m 644 ./html/config-example.html
 /usr/bin/install -c -m 644 ./html/config-files.html
 /usr/bin/install -c -m 644 ./html/config.html
 /usr/bin/install -c -m 644 ./html/devel-building.html
 /usr/bin/install -c -m 644 ./html/devel-building-style.html
 /usr/bin/install -c -m 644 ./html/devel-commands.html
 /usr/bin/install -c -m 644 ./html/devel-debugging.html
 /usr/bin/install -c -m 644 ./html/devel.html
 /usr/bin/install -c -m 644 ./html/devel-paths.html
 /usr/bin/install -c -m 644 ./html/devel-testing.html
 /usr/bin/install -c -m 644 ./html/gtk-doc.css
 /usr/bin/install -c -m 644 ./html/home.png
 /usr/bin/install -c -m 644 ./html/index.html
 /usr/bin/install -c -m 644 ./html/index.sgml
 /usr/bin/install -c -m 644 ./html/left-insensitive.png
 /usr/bin/install -c -m 644 ./html/left.png
 /usr/bin/install -c -m 644 ./html/p11-kit-Deprecated.html
 /usr/bin/install -c -m 644 ./html/p11-kit.devhelp2
 /usr/bin/install -c -m 644 ./html/p11-kit-Future.html
 /usr/bin/install -c -m 644 ./html/p11-kit.html
 /usr/bin/install -c -m 644 ./html/p11-kit-Modules.html
 /usr/bin/install -c -m 644 ./html/p11-kit-PIN-Callbacks.html
 /usr/bin/install -c -m 644 ./html/p11-kit-URIs.html
 /usr/bin/install -c -m 644 ./html/p11-kit-Utilities.html
 /usr/bin/install -c -m 644 ./html/pkcs11-conf.html
 /usr/bin/install -c -m 644 ./html/reference.html
 /usr/bin/install -c -m 644 ./html/right-insensitive.png
 /usr/bin/install -c -m 644 ./html/right.png
 /usr/bin/install -c -m 644 ./html/sharing.html
 /usr/bin/install -c -m 644 ./html/sharing-managed.html
 /usr/bin/install -c -m 644 ./html/style.css
 /usr/bin/install -c -m 644 ./html/tools.html
 /usr/bin/install -c -m 644 ./html/trust-disable.html
 /usr/bin/install -c -m 644 ./html/trust-glib-networking.html
 /usr/bin/install -c -m 644 ./html/trust.html
 /usr/bin/install -c -m 644 ./html/trust-module.html
 /usr/bin/install -c -m 644 ./html/trust-nss.html
 /usr/bin/install -c -m 644 ./html/up-insensitive.png
 /usr/bin/install -c -m 644 ./html/up.png
make[3]: Leaving directory '/sources/7.9/p11-kit-0.23.2/doc/manual'
make[2]: Leaving directory '/sources/7.9/p11-kit-0.23.2/doc/manual'
make[2]: Entering directory '/sources/7.9/p11-kit-0.23.2/doc'
make[3]: Entering directory '/sources/7.9/p11-kit-0.23.2/doc'
make[3]: Nothing to be done for 'install-exec-am'.
make[3]: Nothing to be done for 'install-data-am'.
make[3]: Leaving directory '/sources/7.9/p11-kit-0.23.2/doc'
make[2]: Leaving directory '/sources/7.9/p11-kit-0.23.2/doc'
make[1]: Leaving directory '/sources/7.9/p11-kit-0.23.2/doc'
Making install in po
make[1]: Entering directory '/sources/7.9/p11-kit-0.23.2/po'
if test "p11-kit" = "gettext-tools"; then \
  /bin/mkdir -p /usr/share/gettext/po; \
  for file in Makefile.in.in remove-potcdate.sin quot.sed boldquot.sed en@quot.header en@boldquot.header insert-header.sin Rules-quot   Makevars.template; do \
    /usr/bin/install -c -m 644 ./$file \
		    /usr/share/gettext/po/$file; \
  done; \
  for file in Makevars; do \
    rm -f /usr/share/gettext/po/$file; \
  done; \
else \
  : ; \
fi
make[1]: Leaving directory '/sources/7.9/p11-kit-0.23.2/po'
